{
  "RSpec": {
    "coverage": {
      "/home/alex/arg/shopping_cart/app/controllers/shopping_cart/carts_controller.rb": [
        null,
        null,
        1,
        null,
        1,
        1,
        1,
        9,
        9,
        null,
        null,
        null
      ],
      "/home/alex/arg/shopping_cart/app/controllers/shopping_cart/application_controller.rb": [
        null,
        null,
        1,
        1,
        1,
        1,
        1,
        null,
        1,
        null,
        1,
        238,
        null,
        null,
        null
      ],
      "/home/alex/arg/shopping_cart/app/helpers/shopping_cart/application_helper.rb": [
        null,
        null,
        1,
        1,
        null,
        null
      ],
      "/home/alex/arg/shopping_cart/app/helpers/shopping_cart/addresses_helper.rb": [
        null,
        null,
        1,
        1,
        1,
        63,
        null,
        null,
        1,
        63,
        null,
        null,
        1,
        6,
        null,
        null,
        1,
        6,
        null,
        null,
        null
      ],
      "/home/alex/arg/shopping_cart/app/helpers/shopping_cart/checkouts_helper.rb": [
        null,
        null,
        1,
        1,
        1,
        13,
        null,
        null,
        1,
        13,
        null,
        null,
        1,
        63,
        null,
        61,
        null,
        null,
        null
      ],
      "/home/alex/arg/shopping_cart/app/helpers/shopping_cart/order_helper.rb": [
        null,
        null,
        1,
        1,
        1,
        null,
        1,
        24,
        null,
        null,
        1,
        73,
        null,
        null,
        1,
        1,
        null,
        null,
        1,
        null,
        1,
        24,
        null,
        null,
        null
      ],
      "/home/alex/arg/shopping_cart/app/controllers/concerns/shopping_cart/current_order.rb": [
        null,
        null,
        1,
        1,
        null,
        1,
        2,
        181,
        181,
        181,
        null,
        null,
        null
      ],
      "/home/alex/arg/shopping_cart/spec/controllers/checkouts_controller_spec.rb": [
        null,
        null,
        1,
        null,
        1,
        41,
        null,
        26,
        26,
        1,
        40,
        40,
        40,
        40,
        null,
        null,
        1,
        26,
        null,
        2,
        2,
        1,
        1,
        null,
        1,
        1,
        null,
        1,
        1,
        null,
        1,
        1,
        null,
        1,
        1,
        null,
        1,
        1,
        null,
        null,
        1,
        1,
        1,
        null,
        null,
        1,
        1,
        2,
        2,
        2,
        2,
        null,
        2,
        2,
        null,
        null,
        1,
        4,
        4,
        4,
        null,
        4,
        4,
        null,
        4,
        4,
        null,
        null,
        null,
        null,
        null,
        1,
        16,
        16,
        1,
        15,
        15,
        15,
        15,
        null,
        null,
        1,
        3,
        3,
        3,
        9,
        null,
        3,
        null,
        null,
        null,
        null,
        3,
        null,
        3,
        null,
        null,
        6,
        6,
        6,
        null,
        null,
        3,
        3,
        6,
        null,
        2,
        2,
        2,
        2,
        null,
        null,
        null,
        2,
        2,
        2,
        null,
        2,
        2,
        2,
        null,
        null,
        6,
        6,
        null,
        null,
        null,
        null,
        null
      ],
      "/home/alex/arg/shopping_cart/app/controllers/shopping_cart/checkouts_controller.rb": [
        null,
        null,
        1,
        null,
        1,
        1,
        1,
        1,
        null,
        1,
        1,
        null,
        1,
        null,
        1,
        138,
        null,
        138,
        138,
        null,
        65,
        null,
        null,
        1,
        19,
        null,
        9,
        9,
        null,
        null,
        1,
        null,
        1,
        157,
        157,
        null,
        null,
        null
      ],
      "/home/alex/arg/shopping_cart/spec/controllers/order_items_controller_spec.rb": [
        null,
        null,
        1,
        null,
        1,
        18,
        null,
        1,
        9,
        9,
        1,
        8,
        8,
        null,
        null,
        2,
        2,
        2,
        null,
        1,
        1,
        null,
        null,
        1,
        1,
        null,
        null,
        1,
        1,
        null,
        null,
        1,
        1,
        1,
        null,
        null,
        1,
        1,
        null,
        null,
        null,
        1,
        6,
        6,
        6,
        2,
        1,
        5,
        5,
        null,
        null,
        2,
        null,
        1,
        1,
        null,
        null,
        1,
        1,
        null,
        null,
        1,
        1,
        1,
        1,
        null,
        null,
        1,
        1,
        null,
        null,
        null,
        1,
        5,
        5,
        5,
        1,
        1,
        4,
        4,
        null,
        null,
        2,
        null,
        1,
        1,
        null,
        null,
        1,
        1,
        null,
        null,
        1,
        1,
        null,
        null,
        null
      ],
      "/home/alex/arg/shopping_cart/app/controllers/shopping_cart/order_items_controller.rb": [
        null,
        null,
        1,
        null,
        1,
        1,
        1,
        null,
        1,
        8,
        8,
        8,
        null,
        8,
        null,
        null,
        1,
        null,
        1,
        null,
        1,
        null,
        1,
        17,
        null,
        null,
        null
      ],
      "/home/alex/arg/shopping_cart/spec/controllers/orders_controller_spec.rb": [
        null,
        null,
        1,
        null,
        1,
        10,
        null,
        1,
        6,
        2,
        6,
        6,
        null,
        1,
        1,
        1,
        null,
        null,
        1,
        1,
        null,
        null,
        1,
        1,
        null,
        null,
        1,
        1,
        null,
        null,
        1,
        1,
        null,
        null,
        null,
        1,
        5,
        5,
        5,
        null,
        1,
        1,
        null,
        null,
        1,
        1,
        null,
        null,
        1,
        1,
        null,
        null,
        1,
        1,
        null,
        null,
        null
      ],
      "/home/alex/arg/shopping_cart/app/controllers/shopping_cart/orders_controller.rb": [
        null,
        null,
        1,
        null,
        1,
        1,
        1,
        1,
        null,
        1,
        23,
        null,
        null,
        1,
        24,
        null,
        null,
        null
      ],
      "/home/alex/arg/shopping_cart/spec/decorators/address_decorator_spec.rb": [
        null,
        null,
        1,
        null,
        1,
        1,
        1,
        1,
        1,
        null,
        null,
        1,
        1,
        null,
        null,
        null
      ],
      "/home/alex/arg/shopping_cart/app/decorators/shopping_cart/address_decorator.rb": [
        null,
        null,
        1,
        1,
        1,
        null,
        1,
        19,
        null,
        null,
        null
      ],
      "/home/alex/arg/shopping_cart/app/models/shopping_cart/address.rb": [
        null,
        null,
        1,
        1,
        1,
        null,
        1,
        1,
        null,
        1,
        1,
        1,
        1,
        1,
        null,
        1,
        null,
        1,
        null,
        1,
        483,
        null,
        454,
        454,
        null,
        4,
        null,
        null,
        null
      ],
      "/home/alex/arg/shopping_cart/spec/decorators/order_decorator_spec.rb": [
        null,
        null,
        1,
        null,
        1,
        9,
        null,
        1,
        1,
        1,
        null,
        null,
        null,
        1,
        1,
        1,
        null,
        null,
        null,
        1,
        1,
        1,
        1,
        null,
        null,
        null,
        1,
        1,
        1,
        null,
        null,
        null,
        1,
        1,
        1,
        null,
        null,
        null,
        1,
        1,
        1,
        null,
        null,
        null,
        1,
        1,
        1,
        null,
        null,
        1,
        1,
        1,
        null,
        null,
        null
      ],
      "/home/alex/arg/shopping_cart/app/decorators/shopping_cart/order_decorator.rb": [
        null,
        null,
        1,
        1,
        1,
        1,
        null,
        1,
        447,
        null,
        null,
        1,
        3,
        null,
        null,
        1,
        175,
        null,
        175,
        null,
        null,
        1,
        448,
        null,
        null,
        1,
        256,
        null,
        null,
        1,
        78,
        null,
        null,
        1,
        12,
        null,
        11,
        null,
        null,
        null
      ],
      "/home/alex/arg/shopping_cart/app/models/shopping_cart/order.rb": [
        null,
        null,
        1,
        1,
        1,
        null,
        1,
        1,
        1,
        1,
        1,
        1,
        1,
        1,
        null,
        1,
        1,
        1,
        null,
        1,
        null,
        163,
        4,
        4,
        4,
        4,
        43,
        1,
        null,
        null
      ],
      "/home/alex/arg/shopping_cart/app/models/shopping_cart/billing_address.rb": [
        null,
        null,
        1,
        1,
        null,
        null
      ],
      "/home/alex/arg/shopping_cart/app/models/shopping_cart/shipping_address.rb": [
        null,
        null,
        1,
        1,
        null,
        null
      ],
      "/home/alex/arg/shopping_cart/spec/decorators/order_item_decorator_spec.rb": [
        null,
        null,
        1,
        null,
        1,
        7,
        7,
        7,
        7,
        7,
        null,
        1,
        1,
        1,
        null,
        null,
        null,
        1,
        1,
        1,
        1,
        null,
        null,
        null,
        1,
        1,
        1,
        null,
        null,
        null,
        1,
        1,
        1,
        1,
        null,
        null,
        null,
        1,
        1,
        1,
        1,
        null,
        null,
        null,
        1,
        1,
        1,
        null,
        null,
        null
      ],
      "/home/alex/arg/shopping_cart/app/decorators/shopping_cart/order_item_decorator.rb": [
        null,
        null,
        1,
        1,
        1,
        null,
        1,
        71,
        71,
        null,
        null,
        1,
        483,
        null,
        null,
        1,
        56,
        null,
        null,
        1,
        112,
        null,
        null,
        1,
        112,
        null,
        104,
        null,
        null,
        1,
        9,
        null,
        null,
        1,
        142,
        null,
        129,
        null,
        null,
        null
      ],
      "/home/alex/arg/shopping_cart/app/models/shopping_cart/order_item.rb": [
        null,
        null,
        1,
        1,
        1,
        1,
        null,
        1,
        1,
        null,
        81,
        null,
        null
      ],
      "/home/alex/arg/shopping_cart/spec/dummy/app/models/book.rb": [
        1,
        1,
        null
      ],
      "/home/alex/arg/shopping_cart/spec/features/cart_spec.rb": [
        null,
        null,
        1,
        null,
        1,
        1,
        1,
        3,
        null,
        null,
        2,
        null,
        1,
        1,
        null,
        null,
        1,
        1,
        1,
        null,
        null,
        null,
        1,
        10,
        10,
        1,
        1,
        9,
        9,
        null,
        null,
        null,
        1,
        10,
        null,
        null,
        null,
        null,
        null,
        null,
        null,
        null,
        null,
        null,
        null,
        null,
        1,
        1,
        1,
        null,
        null,
        1,
        1,
        null,
        4,
        12,
        12,
        null,
        null,
        null,
        null,
        1,
        1,
        1,
        1,
        null,
        null,
        1,
        1,
        null,
        null,
        null,
        null,
        null,
        null,
        null,
        null,
        null,
        null,
        null,
        null,
        null,
        null,
        null,
        null,
        null,
        null,
        null,
        null,
        null,
        null,
        null,
        null,
        null,
        null,
        null,
        null,
        null
      ],
      "/home/alex/arg/shopping_cart/spec/features/checkouts_spec.rb": [
        null,
        null,
        1,
        null,
        1,
        44,
        1,
        43,
        null,
        null,
        1,
        3,
        3,
        null,
        1,
        1,
        1,
        1,
        1,
        1,
        1,
        1,
        1,
        null,
        1,
        1,
        1,
        null,
        null,
        1,
        null,
        null,
        1,
        6,
        null,
        null,
        null,
        null,
        1,
        3,
        1,
        2,
        2,
        2,
        null,
        null,
        1,
        1,
        1,
        1,
        null,
        null,
        1,
        1,
        4,
        12,
        null,
        null,
        null,
        null,
        null,
        1,
        1,
        1,
        1,
        1,
        1,
        null,
        null,
        1,
        1,
        1,
        1,
        1,
        1,
        1,
        null,
        null,
        null,
        1,
        28,
        1,
        38,
        38,
        null,
        null,
        1,
        1,
        1,
        null,
        null,
        1,
        12,
        12,
        null,
        1,
        4,
        null,
        1,
        4,
        null,
        null,
        null,
        1,
        8,
        null,
        null,
        1,
        1,
        null,
        4,
        12,
        12,
        null,
        null,
        null,
        null,
        1,
        1,
        1,
        null,
        null,
        1,
        1,
        1,
        null,
        1,
        1,
        1,
        null,
        null,
        1,
        1,
        1,
        1,
        null,
        null,
        1,
        null,
        null,
        null,
        1,
        8,
        null,
        null,
        null,
        1,
        12,
        1,
        11,
        11,
        null,
        null,
        1,
        1,
        1,
        null,
        null,
        1,
        12,
        null,
        null,
        1,
        null,
        1,
        4,
        null,
        null,
        null,
        1,
        1,
        null,
        4,
        12,
        12,
        null,
        null,
        null,
        null,
        1,
        1,
        1,
        1,
        null,
        null,
        1,
        null,
        null,
        null,
        1,
        8,
        null,
        null,
        null,
        null,
        null
      ],
      "/home/alex/arg/shopping_cart/spec/features/order_spec.rb": [
        null,
        null,
        1,
        null,
        1,
        20,
        1,
        19,
        19,
        null,
        null,
        1,
        2,
        null,
        null,
        2,
        12,
        null,
        null,
        null,
        null,
        1,
        1,
        2,
        null,
        null,
        null,
        1,
        1,
        2,
        null,
        null,
        null,
        1,
        1,
        null,
        null,
        null,
        null,
        1,
        8,
        8,
        null,
        null,
        null,
        1,
        1,
        null,
        null,
        1,
        1,
        null,
        null,
        1,
        1,
        null,
        null,
        1,
        1,
        null,
        null,
        1,
        1,
        null,
        4,
        16,
        16,
        null,
        null,
        null,
        null,
        1,
        2,
        1,
        null,
        null
      ],
      "/home/alex/arg/shopping_cart/spec/features/orders_spec.rb": [
        null,
        null,
        1,
        null,
        1,
        13,
        13,
        2,
        1,
        12,
        60,
        60,
        null,
        12,
        12,
        null,
        null,
        2,
        null,
        1,
        4,
        4,
        null,
        null,
        null,
        1,
        1,
        null,
        5,
        20,
        null,
        null,
        null,
        null,
        1,
        2,
        1,
        null,
        null,
        1,
        5,
        5,
        5,
        null,
        null,
        null
      ],
      "/home/alex/arg/shopping_cart/spec/helpers/addresses_helper_spec.rb": [
        null,
        null,
        1,
        null,
        1,
        17,
        3,
        null,
        1,
        1,
        7,
        7,
        null,
        null,
        null,
        null,
        1,
        1,
        7,
        7,
        null,
        null,
        null,
        null,
        1,
        1,
        1,
        2,
        2,
        null,
        1,
        1,
        null,
        null,
        1,
        1,
        null,
        null,
        null,
        1,
        1,
        2,
        2,
        2,
        null,
        1,
        1,
        null,
        null,
        1,
        1,
        null,
        null,
        null,
        null
      ],
      "/home/alex/arg/shopping_cart/spec/helpers/checkouts_helper_spec.rb": [
        null,
        null,
        1,
        null,
        1,
        10,
        null,
        1,
        5,
        1,
        4,
        4,
        null,
        null,
        null,
        null,
        1,
        5,
        1,
        4,
        4,
        null,
        null,
        null,
        null,
        1,
        2,
        1,
        1,
        null,
        null,
        null
      ],
      "/home/alex/arg/shopping_cart/spec/helpers/order_helper_spec.rb": [
        null,
        null,
        1,
        null,
        1,
        3,
        null,
        1,
        1,
        1,
        null,
        null,
        1,
        1,
        1,
        null,
        null,
        1,
        5,
        5,
        5,
        null,
        null,
        null,
        null,
        1,
        6,
        null,
        1,
        1,
        1,
        null,
        null,
        1,
        5,
        5,
        null,
        null,
        null,
        null,
        1,
        1,
        1,
        null,
        1,
        1,
        1,
        null,
        null,
        null
      ],
      "/home/alex/arg/shopping_cart/spec/mailers/order_mailer_spec.rb": [
        null,
        null,
        1,
        1,
        1,
        3,
        3,
        3,
        null,
        1,
        1,
        1,
        1,
        null,
        null,
        1,
        null,
        null,
        1,
        3,
        null,
        null,
        null,
        null
      ],
      "/home/alex/arg/shopping_cart/app/mailers/shopping_cart/order_mailer.rb": [
        null,
        null,
        1,
        1,
        1,
        null,
        1,
        4,
        4,
        4,
        null,
        null,
        null
      ],
      "/home/alex/arg/shopping_cart/app/mailers/shopping_cart/application_mailer.rb": [
        null,
        null,
        1,
        1,
        1,
        1,
        null,
        null
      ],
      "/home/alex/arg/shopping_cart/spec/models/address_spec.rb": [
        null,
        null,
        1,
        1,
        1,
        2,
        2,
        2,
        2,
        2,
        2,
        2,
        null,
        null,
        1,
        2,
        2,
        null,
        null,
        1,
        1,
        12,
        null,
        1,
        8,
        null,
        null,
        null
      ],
      "/home/alex/arg/shopping_cart/spec/models/country_spec.rb": [
        null,
        null,
        1,
        1,
        1,
        2,
        2,
        null,
        null,
        1,
        2,
        null,
        null
      ],
      "/home/alex/arg/shopping_cart/app/models/shopping_cart/country.rb": [
        null,
        null,
        1,
        1,
        1,
        null,
        null
      ],
      "/home/alex/arg/shopping_cart/spec/models/coupon_spec.rb": [
        null,
        null,
        1,
        1,
        1,
        2,
        2,
        null,
        null,
        1,
        2,
        null,
        null,
        1,
        2,
        2,
        null,
        null
      ],
      "/home/alex/arg/shopping_cart/app/models/shopping_cart/coupon.rb": [
        null,
        null,
        1,
        1,
        1,
        null,
        1,
        null,
        1,
        1,
        null,
        null
      ],
      "/home/alex/arg/shopping_cart/spec/models/credit_card_spec.rb": [
        null,
        null,
        1,
        1,
        1,
        2,
        2,
        2,
        2,
        null,
        null,
        1,
        2,
        null,
        null,
        1,
        2,
        2,
        2,
        2,
        null,
        null
      ],
      "/home/alex/arg/shopping_cart/app/models/shopping_cart/credit_card.rb": [
        null,
        null,
        1,
        1,
        1,
        null,
        1,
        null,
        1,
        1,
        1,
        null,
        null
      ],
      "/home/alex/arg/shopping_cart/spec/models/delivery_spec.rb": [
        null,
        null,
        1,
        1,
        1,
        2,
        2,
        2,
        null,
        null,
        1,
        2,
        null,
        null,
        1,
        2,
        2,
        1,
        1,
        null,
        null,
        null,
        null
      ],
      "/home/alex/arg/shopping_cart/app/models/shopping_cart/delivery.rb": [
        null,
        null,
        1,
        1,
        1,
        null,
        1,
        null,
        1,
        1,
        1,
        null,
        null
      ],
      "/home/alex/arg/shopping_cart/spec/models/order_item_spec.rb": [
        null,
        null,
        1,
        1,
        1,
        2,
        2,
        2,
        2,
        2,
        null,
        null,
        1,
        2,
        2,
        null,
        null,
        1,
        2,
        2,
        2,
        null,
        null
      ],
      "/home/alex/arg/shopping_cart/spec/models/order_spec.rb": [
        null,
        null,
        1,
        1,
        1,
        2,
        2,
        2,
        2,
        2,
        2,
        null,
        null,
        1,
        1,
        1,
        null,
        null,
        null,
        2,
        2,
        2,
        2,
        2,
        2,
        2,
        2,
        null,
        null,
        1,
        2,
        2,
        null,
        null
      ],
      "/home/alex/arg/shopping_cart/spec/services/address_service_spec.rb": [
        null,
        null,
        1,
        1,
        17,
        9,
        13,
        1,
        12,
        null,
        null,
        null,
        null,
        null,
        null,
        null,
        null,
        null,
        null,
        1,
        2,
        2,
        null,
        null,
        2,
        2,
        null,
        null,
        2,
        2,
        null,
        null,
        2,
        2,
        null,
        null,
        2,
        2,
        2,
        14,
        null,
        null,
        null,
        2,
        2,
        2,
        14,
        null,
        null,
        null,
        2,
        2,
        2,
        null,
        null,
        2,
        2,
        2,
        null,
        null,
        null
      ],
      "/home/alex/arg/shopping_cart/app/services/shopping_cart/address_service.rb": [
        null,
        null,
        1,
        1,
        1,
        null,
        1,
        32,
        32,
        32,
        null,
        null,
        1,
        32,
        null,
        32,
        null,
        null,
        1,
        null,
        1,
        4,
        null,
        null,
        1,
        28,
        null,
        null,
        1,
        60,
        14,
        14,
        null,
        null,
        null,
        1,
        36,
        null,
        null,
        null
      ],
      "/home/alex/arg/shopping_cart/spec/services/checkout_service_spec.rb": [
        null,
        null,
        1,
        1,
        18,
        17,
        null,
        1,
        1,
        4,
        null,
        null,
        null,
        null,
        null,
        1,
        3,
        1,
        1,
        null,
        1,
        1,
        1,
        null,
        null,
        1,
        1,
        2,
        2,
        2,
        null,
        1,
        1,
        null,
        1,
        1,
        1,
        null,
        null,
        null,
        null,
        1,
        5,
        5,
        null,
        1,
        3,
        1,
        1,
        null,
        1,
        1,
        null,
        null,
        1,
        1,
        2,
        2,
        null,
        1,
        1,
        null,
        1,
        1,
        null,
        null,
        null,
        null,
        1,
        5,
        null,
        1,
        3,
        1,
        1,
        null,
        1,
        1,
        null,
        null,
        null,
        1,
        1,
        2,
        2,
        null,
        1,
        1,
        null,
        1,
        1,
        null,
        null,
        null,
        null,
        1,
        2,
        null,
        1,
        1,
        null,
        null,
        null,
        1,
        1,
        1,
        1,
        null,
        null,
        1,
        1,
        1,
        null,
        null,
        null,
        1,
        1,
        1,
        1,
        null,
        null,
        1,
        1,
        1,
        null,
        null,
        null
      ],
      "/home/alex/arg/shopping_cart/app/services/shopping_cart/checkout_service.rb": [
        null,
        null,
        1,
        1,
        1,
        null,
        1,
        36,
        36,
        36,
        36,
        null,
        null,
        1,
        32,
        null,
        null,
        1,
        null,
        1,
        10,
        10,
        10,
        null,
        null,
        1,
        10,
        10,
        null,
        null,
        1,
        10,
        null,
        8,
        null,
        null,
        1,
        2,
        2,
        2,
        null,
        null,
        1,
        12,
        null,
        null,
        1,
        20,
        null,
        null,
        1,
        10,
        10,
        10,
        null,
        null,
        1,
        14,
        null,
        null,
        null
      ],
      "/home/alex/arg/shopping_cart/spec/services/create_order_service_spec.rb": [
        null,
        null,
        1,
        1,
        1,
        3,
        3,
        null,
        1,
        1,
        null,
        null,
        1,
        1,
        null,
        null,
        null,
        1,
        5,
        null,
        1,
        1,
        null,
        null,
        1,
        1,
        null,
        null,
        1,
        1,
        null,
        null,
        1,
        1,
        null,
        null,
        null
      ],
      "/home/alex/arg/shopping_cart/app/services/shopping_cart/create_order_service.rb": [
        null,
        null,
        1,
        1,
        1,
        14,
        null,
        null,
        1,
        14,
        null,
        null,
        1,
        null,
        1,
        14,
        14,
        null,
        null,
        1,
        126,
        null,
        null,
        null
      ],
      "/home/alex/arg/shopping_cart/spec/services/errors_service_spec.rb": [
        null,
        null,
        1,
        1,
        5,
        null,
        1,
        1,
        1,
        1,
        null,
        1,
        1,
        1,
        1,
        null,
        1,
        1,
        null,
        null,
        null,
        1,
        1,
        1,
        null,
        null,
        null,
        1,
        1,
        1,
        1,
        null,
        null,
        null,
        1,
        1,
        1,
        null,
        null,
        null
      ],
      "/home/alex/arg/shopping_cart/app/services/shopping_cart/errors_service.rb": [
        null,
        null,
        1,
        1,
        1,
        null,
        1,
        16,
        16,
        null,
        null,
        1,
        16,
        null,
        null,
        1,
        null,
        1,
        5,
        5,
        5,
        null,
        null,
        1,
        5,
        null,
        null,
        1,
        5,
        null,
        null,
        1,
        1,
        null,
        null,
        null
      ],
      "/home/alex/arg/shopping_cart/spec/services/filter_checkouts_service_spec.rb": [
        null,
        null,
        1,
        1,
        12,
        10,
        6,
        null,
        1,
        1,
        1,
        6,
        null,
        5,
        null,
        null,
        1,
        1,
        null,
        null,
        null,
        1,
        1,
        1,
        6,
        null,
        5,
        null,
        null,
        1,
        1,
        null,
        null,
        null,
        1,
        1,
        2,
        2,
        null,
        2,
        2,
        null,
        1,
        1,
        6,
        null,
        5,
        null,
        null,
        1,
        1,
        null,
        null,
        null,
        1,
        1,
        2,
        2,
        null,
        1,
        1,
        6,
        null,
        5,
        null,
        null,
        1,
        1,
        null,
        null,
        null,
        1,
        1,
        3,
        3,
        null,
        1,
        1,
        4,
        null,
        null,
        1,
        1,
        null,
        1,
        1,
        1,
        null,
        null,
        null,
        1,
        3,
        3,
        3,
        null,
        1,
        1,
        null,
        null,
        1,
        1,
        null,
        null,
        null
      ],
      "/home/alex/arg/shopping_cart/app/services/shopping_cart/filter_checkouts_service.rb": [
        null,
        null,
        1,
        1,
        1,
        null,
        1,
        170,
        170,
        170,
        170,
        null,
        null,
        1,
        170,
        170,
        null,
        null,
        1,
        null,
        1,
        340,
        null,
        null,
        1,
        170,
        null,
        null,
        1,
        116,
        null,
        null,
        1,
        283,
        null,
        219,
        null,
        null,
        1,
        173,
        null,
        null,
        1,
        41,
        null,
        null,
        1,
        32,
        null,
        null,
        1,
        18,
        null,
        null,
        null
      ],
      "/home/alex/arg/shopping_cart/spec/services/find_order_service_spec.rb": [
        null,
        null,
        1,
        1,
        1,
        1,
        null,
        null,
        1,
        1,
        1,
        null,
        null,
        1,
        1,
        null,
        null,
        1,
        1,
        1,
        null,
        null,
        1,
        5,
        5,
        5,
        5,
        null,
        1,
        1,
        null,
        null,
        1,
        1,
        null,
        null,
        1,
        1,
        null,
        null,
        1,
        1,
        null,
        null,
        null,
        1,
        3,
        3,
        3,
        null,
        1,
        1,
        null,
        null,
        1,
        1,
        null,
        null,
        null
      ],
      "/home/alex/arg/shopping_cart/app/services/shopping_cart/find_order_service.rb": [
        null,
        null,
        1,
        1,
        1,
        164,
        164,
        null,
        null,
        1,
        164,
        null,
        null,
        1,
        null,
        1,
        164,
        null,
        null,
        1,
        164,
        null,
        31,
        null,
        null,
        1,
        127,
        127,
        null,
        6,
        null,
        null,
        null
      ],
      "/home/alex/arg/shopping_cart/spec/services/order_item_service_spec.rb": [
        null,
        null,
        1,
        1,
        15,
        null,
        1,
        9,
        9,
        9,
        null,
        1,
        1,
        null,
        null,
        1,
        1,
        null,
        null,
        1,
        1,
        null,
        null,
        1,
        3,
        null,
        1,
        1,
        null,
        null,
        1,
        1,
        null,
        null,
        null,
        1,
        4,
        4,
        4,
        null,
        1,
        1,
        null,
        null,
        1,
        1,
        null,
        null,
        1,
        1,
        null,
        null,
        null,
        null,
        1,
        4,
        4,
        4,
        4,
        null,
        1,
        1,
        null,
        null,
        1,
        1,
        1,
        null,
        null,
        1,
        1,
        1,
        4,
        null,
        null,
        null,
        null,
        1,
        4,
        4,
        4,
        null,
        1,
        1,
        null,
        null,
        1,
        1,
        null,
        null,
        1,
        1,
        3,
        3,
        3,
        3,
        null,
        1,
        null,
        null,
        1,
        null,
        null,
        null
      ],
      "/home/alex/arg/shopping_cart/app/services/shopping_cart/order_item_service.rb": [
        null,
        null,
        1,
        1,
        1,
        65,
        65,
        65,
        null,
        null,
        1,
        65,
        null,
        null,
        1,
        null,
        1,
        46,
        null,
        43,
        null,
        null,
        1,
        12,
        null,
        null,
        1,
        10,
        10,
        null,
        null,
        1,
        68,
        null,
        null,
        1,
        55,
        null,
        null,
        null,
        null,
        null,
        null,
        null,
        null
      ],
      "/home/alex/arg/shopping_cart/spec/services/order_merger_service_spec.rb": [
        null,
        null,
        1,
        1,
        5,
        3,
        5,
        null,
        1,
        3,
        null,
        1,
        1,
        null,
        1,
        1,
        1,
        null,
        1,
        null,
        1,
        null,
        null,
        null,
        1,
        3,
        null,
        1,
        1,
        null,
        null,
        1,
        1,
        null,
        null,
        null
      ],
      "/home/alex/arg/shopping_cart/app/services/shopping_cart/order_merger_service.rb": [
        null,
        null,
        1,
        1,
        1,
        10,
        10,
        10,
        null,
        null,
        1,
        10,
        null,
        null,
        1,
        null,
        1,
        4,
        4,
        null,
        null,
        1,
        6,
        24,
        24,
        null,
        6,
        6,
        null,
        null,
        1,
        24,
        192,
        null,
        null,
        null,
        null
      ],
      "/home/alex/arg/shopping_cart/spec/services/orders_filter_service_spec.rb": [
        null,
        null,
        1,
        1,
        10,
        10,
        1,
        9,
        72,
        72,
        null,
        null,
        null,
        1,
        4,
        4,
        null,
        null,
        null,
        1,
        5,
        5,
        null,
        null,
        null
      ],
      "/home/alex/arg/shopping_cart/app/services/shopping_cart/orders_filter_service.rb": [
        null,
        null,
        1,
        1,
        1,
        33,
        33,
        null,
        null,
        1,
        33,
        null,
        11,
        null,
        null,
        1,
        null,
        1,
        33,
        null,
        null,
        1,
        33,
        null,
        null,
        null
      ],
      "/home/alex/arg/shopping_cart/spec/dummy/app/models/ability.rb": [
        1,
        1,
        null,
        1,
        46,
        46,
        null,
        46,
        null,
        null
      ],
      "/home/alex/arg/shopping_cart/spec/dummy/app/controllers/application_controller.rb": [
        1,
        null
      ],
      "/home/alex/arg/shopping_cart/spec/dummy/app/decorators/book_decorator.rb": [
        null,
        null,
        1,
        1,
        null,
        1,
        692,
        null,
        null
      ],
      "/home/alex/arg/shopping_cart/spec/dummy/app/controllers/books_controller.rb": [
        null,
        null,
        1,
        1,
        null,
        null,
        null,
        1,
        null,
        null,
        null
      ]
    },
    "timestamp": 1548795041
  }
}
